<?xml version="1.0" encoding="UTF-8"?>
<!-- Generated by org.testng.reporters.JUnitReportReporter -->
<testsuite hostname="BYOD-650190" failures="0" tests="1" name="Surumahubtest.NewarrivalsTest" time="8.647" errors="0" timestamp="2023-07-18T09:08:31 IST" skipped="0">
  <testcase classname="Surumahubtest.NewarrivalsTest" name="search" time="8.647"/>
  <system-out/>
</testsuite> <!-- Surumahubtest.NewarrivalsTest -->
