<?xml version="1.0" encoding="UTF-8"?>
<!-- Generated by org.testng.reporters.JUnitReportReporter -->
<testsuite hostname="BYOD-650190" failures="0" tests="1" name="Surumahubtest.CreateTest" time="7.156" errors="0" timestamp="2023-07-18T09:10:19 IST" skipped="0">
  <testcase classname="Surumahubtest.CreateTest" name="register" time="7.156"/>
  <system-out/>
</testsuite> <!-- Surumahubtest.CreateTest -->
